<?xml version="1.0" encoding="UTF-8"?>
<!-- Generated by org.testng.reporters.JUnitReportReporter -->
<testsuite hostname="DESKTOP-LS2NJAI" failures="0" tests="1" name="testcases.TC_001" time="7.417" errors="0" timestamp="2020-06-07T21:58:30 SGT" skipped="0">
  <testcase classname="testcases.TC_001" name="testcase1" time="7.417"/>
  <system-out/>
</testsuite> <!-- testcases.TC_001 -->
